<?xml version="1.0" encoding="UTF-8"?>
<testsuite name="it.fgm.teamup.TeamupApplicationTests" tests="1" skipped="0" failures="0" errors="0" timestamp="2020-07-10T11:15:05" hostname="LAPTOP-8MUB6F4N" time="0.128">
  <properties/>
  <testcase name="contextLoads()" classname="it.fgm.teamup.TeamupApplicationTests" time="0.128"/>
  <system-out><![CDATA[13:14:58.594 [Test worker] DEBUG org.springframework.test.context.BootstrapUtils - Instantiating CacheAwareContextLoaderDelegate from class [org.springframework.test.context.cache.DefaultCacheAwareContextLoaderDelegate]
13:14:58.605 [Test worker] DEBUG org.springframework.test.context.BootstrapUtils - Instantiating BootstrapContext using constructor [public org.springframework.test.context.support.DefaultBootstrapContext(java.lang.Class,org.springframework.test.context.CacheAwareContextLoaderDelegate)]
13:14:58.629 [Test worker] DEBUG org.springframework.test.context.BootstrapUtils - Instantiating TestContextBootstrapper for test class [it.fgm.teamup.TeamupApplicationTests] from class [org.springframework.boot.test.context.SpringBootTestContextBootstrapper]
13:14:58.648 [Test worker] INFO org.springframework.boot.test.context.SpringBootTestContextBootstrapper - Neither @ContextConfiguration nor @ContextHierarchy found for test class [it.fgm.teamup.TeamupApplicationTests], using SpringBootContextLoader
13:14:58.653 [Test worker] DEBUG org.springframework.test.context.support.AbstractContextLoader - Did not detect default resource location for test class [it.fgm.teamup.TeamupApplicationTests]: class path resource [it/fgm/teamup/TeamupApplicationTests-context.xml] does not exist
13:14:58.653 [Test worker] DEBUG org.springframework.test.context.support.AbstractContextLoader - Did not detect default resource location for test class [it.fgm.teamup.TeamupApplicationTests]: class path resource [it/fgm/teamup/TeamupApplicationTestsContext.groovy] does not exist
13:14:58.653 [Test worker] INFO org.springframework.test.context.support.AbstractContextLoader - Could not detect default resource locations for test class [it.fgm.teamup.TeamupApplicationTests]: no resource found for suffixes {-context.xml, Context.groovy}.
13:14:58.654 [Test worker] INFO org.springframework.test.context.support.AnnotationConfigContextLoaderUtils - Could not detect default configuration classes for test class [it.fgm.teamup.TeamupApplicationTests]: TeamupApplicationTests does not declare any static, non-private, non-final, nested classes annotated with @Configuration.
13:14:58.697 [Test worker] DEBUG org.springframework.test.context.support.ActiveProfilesUtils - Could not find an 'annotation declaring class' for annotation type [org.springframework.test.context.ActiveProfiles] and class [it.fgm.teamup.TeamupApplicationTests]
13:14:58.766 [Test worker] DEBUG org.springframework.context.annotation.ClassPathScanningCandidateComponentProvider - Identified candidate component class: file [C:\Users\teren\Desktop\teamup_new\TeamUp\teamup\build\classes\java\main\it\fgm\teamup\TeamupApplication.class]
13:14:58.767 [Test worker] INFO org.springframework.boot.test.context.SpringBootTestContextBootstrapper - Found @SpringBootConfiguration it.fgm.teamup.TeamupApplication for test class it.fgm.teamup.TeamupApplicationTests
13:14:58.867 [Test worker] DEBUG org.springframework.boot.test.context.SpringBootTestContextBootstrapper - @TestExecutionListeners is not present for class [it.fgm.teamup.TeamupApplicationTests]: using defaults.
13:14:58.868 [Test worker] INFO org.springframework.boot.test.context.SpringBootTestContextBootstrapper - Loaded default TestExecutionListener class names from location [META-INF/spring.factories]: [org.springframework.boot.test.autoconfigure.restdocs.RestDocsTestExecutionListener, org.springframework.boot.test.autoconfigure.web.client.MockRestServiceServerResetTestExecutionListener, org.springframework.boot.test.autoconfigure.web.servlet.MockMvcPrintOnlyOnFailureTestExecutionListener, org.springframework.boot.test.autoconfigure.web.servlet.WebDriverTestExecutionListener, org.springframework.boot.test.autoconfigure.webservices.client.MockWebServiceServerTestExecutionListener, org.springframework.boot.test.mock.mockito.MockitoTestExecutionListener, org.springframework.boot.test.mock.mockito.ResetMocksTestExecutionListener, org.springframework.test.context.web.ServletTestExecutionListener, org.springframework.test.context.support.DirtiesContextBeforeModesTestExecutionListener, org.springframework.test.context.support.DependencyInjectionTestExecutionListener, org.springframework.test.context.support.DirtiesContextTestExecutionListener, org.springframework.test.context.transaction.TransactionalTestExecutionListener, org.springframework.test.context.jdbc.SqlScriptsTestExecutionListener, org.springframework.test.context.event.EventPublishingTestExecutionListener]
13:14:58.883 [Test worker] INFO org.springframework.boot.test.context.SpringBootTestContextBootstrapper - Using TestExecutionListeners: [org.springframework.test.context.web.ServletTestExecutionListener@5addff20, org.springframework.test.context.support.DirtiesContextBeforeModesTestExecutionListener@58aa7e20, org.springframework.boot.test.mock.mockito.MockitoTestExecutionListener@13095685, org.springframework.boot.test.autoconfigure.SpringBootDependencyInjectionTestExecutionListener@10fbbaec, org.springframework.test.context.support.DirtiesContextTestExecutionListener@25ea632c, org.springframework.test.context.transaction.TransactionalTestExecutionListener@2eba42cf, org.springframework.test.context.jdbc.SqlScriptsTestExecutionListener@77de84e3, org.springframework.test.context.event.EventPublishingTestExecutionListener@3a3f6c2e, org.springframework.boot.test.autoconfigure.restdocs.RestDocsTestExecutionListener@4cba9b46, org.springframework.boot.test.autoconfigure.web.client.MockRestServiceServerResetTestExecutionListener@30ea0424, org.springframework.boot.test.autoconfigure.web.servlet.MockMvcPrintOnlyOnFailureTestExecutionListener@33107746, org.springframework.boot.test.autoconfigure.web.servlet.WebDriverTestExecutionListener@728f2316, org.springframework.boot.test.autoconfigure.webservices.client.MockWebServiceServerTestExecutionListener@6a77e6aa, org.springframework.boot.test.mock.mockito.ResetMocksTestExecutionListener@a5c14e4]
13:14:58.889 [Test worker] DEBUG org.springframework.test.context.support.AbstractDirtiesContextTestExecutionListener - Before test class: context [DefaultTestContext@6841c37f testClass = TeamupApplicationTests, testInstance = [null], testMethod = [null], testException = [null], mergedContextConfiguration = [WebMergedContextConfiguration@56ddf082 testClass = TeamupApplicationTests, locations = '{}', classes = '{class it.fgm.teamup.TeamupApplication}', contextInitializerClasses = '[]', activeProfiles = '{}', propertySourceLocations = '{}', propertySourceProperties = '{org.springframework.boot.test.context.SpringBootTestContextBootstrapper=true}', contextCustomizers = set[org.springframework.boot.test.autoconfigure.properties.PropertyMappingContextCustomizer@0, org.springframework.boot.test.autoconfigure.web.servlet.WebDriverContextCustomizerFactory$Customizer@40350768, org.springframework.boot.test.context.filter.ExcludeFilterContextCustomizer@679faf25, org.springframework.boot.test.json.DuplicateJsonObjectContextCustomizerFactory$DuplicateJsonObjectContextCustomizer@18f25650, org.springframework.boot.test.mock.mockito.MockitoContextCustomizer@0, org.springframework.boot.test.web.client.TestRestTemplateContextCustomizer@44ebaa96, org.springframework.boot.test.context.SpringBootTestArgs@1], resourceBasePath = 'src/main/webapp', contextLoader = 'org.springframework.boot.test.context.SpringBootContextLoader', parent = [null]], attributes = map['org.springframework.test.context.web.ServletTestExecutionListener.activateListener' -> true]], class annotated with @DirtiesContext [false] with mode [null].
13:14:58.912 [Test worker] DEBUG org.springframework.test.context.support.TestPropertySourceUtils - Adding inlined properties to environment: {spring.jmx.enabled=false, org.springframework.boot.test.context.SpringBootTestContextBootstrapper=true}

  .   ____          _            __ _ _
 /\\ / ___'_ __ _ _(_)_ __  __ _ \ \ \ \
( ( )\___ | '_ | '_| | '_ \/ _` | \ \ \ \
 \\/  ___)| |_)| | | | | || (_| |  ) ) ) )
  '  |____| .__|_| |_|_| |_\__, | / / / /
 =========|_|==============|___/=/_/_/_/
 :: Spring Boot ::  (v2.3.1.BUILD-SNAPSHOT)

2020-07-10 13:14:59.372  INFO 50384 --- [    Test worker] it.fgm.teamup.TeamupApplicationTests     : Starting TeamupApplicationTests on LAPTOP-8MUB6F4N with PID 50384 (started by teren in C:\Users\teren\Desktop\teamup_new\TeamUp\teamup)
2020-07-10 13:14:59.376  INFO 50384 --- [    Test worker] it.fgm.teamup.TeamupApplicationTests     : No active profile set, falling back to default profiles: default
2020-07-10 13:15:00.534  INFO 50384 --- [    Test worker] .s.d.r.c.RepositoryConfigurationDelegate : Multiple Spring Data modules found, entering strict repository configuration mode!
2020-07-10 13:15:00.536  INFO 50384 --- [    Test worker] .s.d.r.c.RepositoryConfigurationDelegate : Bootstrapping Spring Data JDBC repositories in DEFAULT mode.
2020-07-10 13:15:00.593  INFO 50384 --- [    Test worker] .RepositoryConfigurationExtensionSupport : Spring Data JDBC - Could not safely identify store assignment for repository candidate interface it.fgm.teamup.repository.IAttivitàRepository. If you want this repository to be a JDBC repository, consider annotating your entities with one of these annotations: org.springframework.data.relational.core.mapping.Table.
2020-07-10 13:15:00.595  INFO 50384 --- [    Test worker] .RepositoryConfigurationExtensionSupport : Spring Data JDBC - Could not safely identify store assignment for repository candidate interface it.fgm.teamup.repository.IProgettoRepository. If you want this repository to be a JDBC repository, consider annotating your entities with one of these annotations: org.springframework.data.relational.core.mapping.Table.
2020-07-10 13:15:00.597  INFO 50384 --- [    Test worker] .RepositoryConfigurationExtensionSupport : Spring Data JDBC - Could not safely identify store assignment for repository candidate interface it.fgm.teamup.repository.ISessioneRepository. If you want this repository to be a JDBC repository, consider annotating your entities with one of these annotations: org.springframework.data.relational.core.mapping.Table.
2020-07-10 13:15:00.600  INFO 50384 --- [    Test worker] .RepositoryConfigurationExtensionSupport : Spring Data JDBC - Could not safely identify store assignment for repository candidate interface it.fgm.teamup.repository.IUtenteRepository. If you want this repository to be a JDBC repository, consider annotating your entities with one of these annotations: org.springframework.data.relational.core.mapping.Table.
2020-07-10 13:15:00.601  INFO 50384 --- [    Test worker] .RepositoryConfigurationExtensionSupport : Spring Data JDBC - Could not safely identify store assignment for repository candidate interface it.fgm.teamup.repository.PartecipazioneRepository. If you want this repository to be a JDBC repository, consider annotating your entities with one of these annotations: org.springframework.data.relational.core.mapping.Table.
2020-07-10 13:15:00.602  INFO 50384 --- [    Test worker] .s.d.r.c.RepositoryConfigurationDelegate : Finished Spring Data repository scanning in 58ms. Found 0 JDBC repository interfaces.
2020-07-10 13:15:00.611  INFO 50384 --- [    Test worker] .s.d.r.c.RepositoryConfigurationDelegate : Multiple Spring Data modules found, entering strict repository configuration mode!
2020-07-10 13:15:00.612  INFO 50384 --- [    Test worker] .s.d.r.c.RepositoryConfigurationDelegate : Bootstrapping Spring Data JPA repositories in DEFERRED mode.
2020-07-10 13:15:00.655  INFO 50384 --- [    Test worker] .s.d.r.c.RepositoryConfigurationDelegate : Finished Spring Data repository scanning in 39ms. Found 5 JPA repository interfaces.
2020-07-10 13:15:01.595  INFO 50384 --- [    Test worker] o.s.s.concurrent.ThreadPoolTaskExecutor  : Initializing ExecutorService 'applicationTaskExecutor'
2020-07-10 13:15:01.672  INFO 50384 --- [         task-1] o.hibernate.jpa.internal.util.LogHelper  : HHH000204: Processing PersistenceUnitInfo [name: default]
2020-07-10 13:15:01.736  INFO 50384 --- [         task-1] org.hibernate.Version                    : HHH000412: Hibernate ORM core version 5.4.17.Final
2020-07-10 13:15:02.003  INFO 50384 --- [         task-1] o.hibernate.annotations.common.Version   : HCANN000001: Hibernate Commons Annotations {5.1.0.Final}
2020-07-10 13:15:02.142  INFO 50384 --- [         task-1] com.zaxxer.hikari.HikariDataSource       : HikariPool-1 - Starting...
2020-07-10 13:15:02.359  INFO 50384 --- [         task-1] com.zaxxer.hikari.HikariDataSource       : HikariPool-1 - Start completed.
2020-07-10 13:15:02.379  INFO 50384 --- [         task-1] org.hibernate.dialect.Dialect            : HHH000400: Using dialect: org.hibernate.dialect.MySQL8Dialect
2020-07-10 13:15:03.331  INFO 50384 --- [         task-1] o.h.e.t.j.p.i.JtaPlatformInitiator       : HHH000490: Using JtaPlatform implementation: [org.hibernate.engine.transaction.jta.platform.internal.NoJtaPlatform]
2020-07-10 13:15:03.338  INFO 50384 --- [         task-1] j.LocalContainerEntityManagerFactoryBean : Initialized JPA EntityManagerFactory for persistence unit 'default'
2020-07-10 13:15:04.116  WARN 50384 --- [    Test worker] JpaBaseConfiguration$JpaWebConfiguration : spring.jpa.open-in-view is enabled by default. Therefore, database queries may be performed during view rendering. Explicitly configure spring.jpa.open-in-view to disable this warning
2020-07-10 13:15:04.381  INFO 50384 --- [    Test worker] o.s.b.a.w.s.WelcomePageHandlerMapping    : Adding welcome page template: index
2020-07-10 13:15:04.986  INFO 50384 --- [    Test worker] DeferredRepositoryInitializationListener : Triggering deferred initialization of Spring Data repositories…
2020-07-10 13:15:05.370  INFO 50384 --- [    Test worker] DeferredRepositoryInitializationListener : Spring Data repositories initialized!
2020-07-10 13:15:05.376  INFO 50384 --- [    Test worker] it.fgm.teamup.TeamupApplicationTests     : Started TeamupApplicationTests in 6.457 seconds (JVM running for 7.858)
]]></system-out>
  <system-err><![CDATA[]]></system-err>
</testsuite>
